0 info it worked if it ends with ok
1 verbose cli [ '/usr/local/bin/node', '/usr/local/bin/npm', 'run', 'prod' ]
2 info using npm@3.10.8
3 info using node@v6.9.1
4 verbose run-script [ 'preprod', 'prod', 'postprod' ]
5 info lifecycle Angular2@1.0.0~preprod: Angular2@1.0.0
6 silly lifecycle Angular2@1.0.0~preprod: no script for preprod, continuing
7 info lifecycle Angular2@1.0.0~prod: Angular2@1.0.0
8 verbose lifecycle Angular2@1.0.0~prod: unsafe-perm in lifecycle true
9 verbose lifecycle Angular2@1.0.0~prod: PATH: /usr/local/lib/node_modules/npm/bin/node-gyp-bin:/Users/ciprianchelaru/Development/lbd-free-angular2/node_modules/.bin:/usr/local/bin:/usr/bin:/bin:/usr/sbin:/sbin:/opt/X11/bin
10 verbose lifecycle Angular2@1.0.0~prod: CWD: /Users/ciprianchelaru/Development/lbd-free-angular2
11 silly lifecycle Angular2@1.0.0~prod: Args: [ '-c', 'NODE_ENV=production ./bin/www' ]
12 silly lifecycle Angular2@1.0.0~prod: Returned: code: 126  signal: null
13 info lifecycle Angular2@1.0.0~prod: Failed to exec prod script
14 verbose stack Error: Angular2@1.0.0 prod: `NODE_ENV=production ./bin/www`
14 verbose stack Exit status 126
14 verbose stack     at EventEmitter.<anonymous> (/usr/local/lib/node_modules/npm/lib/utils/lifecycle.js:255:16)
14 verbose stack     at emitTwo (events.js:106:13)
14 verbose stack     at EventEmitter.emit (events.js:191:7)
14 verbose stack     at ChildProcess.<anonymous> (/usr/local/lib/node_modules/npm/lib/utils/spawn.js:40:14)
14 verbose stack     at emitTwo (events.js:106:13)
14 verbose stack     at ChildProcess.emit (events.js:191:7)
14 verbose stack     at maybeClose (internal/child_process.js:877:16)
14 verbose stack     at Process.ChildProcess._handle.onexit (internal/child_process.js:226:5)
15 verbose pkgid Angular2@1.0.0
16 verbose cwd /Users/ciprianchelaru/Development/lbd-free-angular2
17 error Darwin 16.1.0
18 error argv "/usr/local/bin/node" "/usr/local/bin/npm" "run" "prod"
19 error node v6.9.1
20 error npm  v3.10.8
21 error code ELIFECYCLE
22 error Angular2@1.0.0 prod: `NODE_ENV=production ./bin/www`
22 error Exit status 126
23 error Failed at the Angular2@1.0.0 prod script 'NODE_ENV=production ./bin/www'.
23 error Make sure you have the latest version of node.js and npm installed.
23 error If you do, this is most likely a problem with the Angular2 package,
23 error not with npm itself.
23 error Tell the author that this fails on your system:
23 error     NODE_ENV=production ./bin/www
23 error You can get information on how to open an issue for this project with:
23 error     npm bugs Angular2
23 error Or if that isn't available, you can get their info via:
23 error     npm owner ls Angular2
23 error There is likely additional logging output above.
24 verbose exit [ 1, true ]
